1674831056.132745 client started (3457): version 3.0a, socket /tmp/tmux-1000/default, protocol 8
1674831056.132765 on Linux 5.15.79.1-microsoft-standard-WSL2 #1 SMP Wed Nov 23 01:01:46 UTC 2022; libevent 2.1.11-stable (poll)
1674831056.132775 socket is /tmp/tmux-1000/default
1674831056.132784 trying connect
1674831056.133624 connect failed: Connection refused
1674831056.133637 lock file is /tmp/tmux-1000/default.lock
1674831056.133690 flock succeeded
1674831056.133695 got lock (6)
1674831056.133699 trying connect
1674831056.133705 connect failed: Connection refused
1674831056.133874 add peer 0x562ac961a890: 7 ((nil))
1674831056.133972 sending message 100 to peer 0x562ac961a890 (4 bytes)
1674831056.133978 sending message 101 to peer 0x562ac961a890 (15 bytes)
1674831056.133980 sending message 102 to peer 0x562ac961a890 (11 bytes)
1674831056.133983 sending message 108 to peer 0x562ac961a890 (29 bytes)
1674831056.133985 sending message 104 to peer 0x562ac961a890 (0 bytes)
1674831056.133988 sending message 107 to peer 0x562ac961a890 (4 bytes)
1674831056.133990 sending message 105 to peer 0x562ac961a890 (33 bytes)
1674831056.133992 sending message 105 to peer 0x562ac961a890 (16 bytes)
1674831056.133995 sending message 105 to peer 0x562ac961a890 (19 bytes)
1674831056.133997 sending message 105 to peer 0x562ac961a890 (35 bytes)
1674831056.133999 sending message 105 to peer 0x562ac961a890 (38 bytes)
1674831056.134001 sending message 105 to peer 0x562ac961a890 (8 bytes)
1674831056.134003 sending message 105 to peer 0x562ac961a890 (13 bytes)
1674831056.134006 sending message 105 to peer 0x562ac961a890 (21 bytes)
1674831056.134008 sending message 105 to peer 0x562ac961a890 (22 bytes)
1674831056.134010 sending message 105 to peer 0x562ac961a890 (34 bytes)
1674831056.134013 sending message 105 to peer 0x562ac961a890 (65 bytes)
1674831056.134015 sending message 105 to peer 0x562ac961a890 (32 bytes)
1674831056.134017 sending message 105 to peer 0x562ac961a890 (26 bytes)
1674831056.134019 sending message 105 to peer 0x562ac961a890 (20 bytes)
1674831056.134021 sending message 105 to peer 0x562ac961a890 (48 bytes)
1674831056.134023 sending message 105 to peer 0x562ac961a890 (22 bytes)
1674831056.134025 sending message 105 to peer 0x562ac961a890 (46 bytes)
1674831056.134030 sending message 105 to peer 0x562ac961a890 (20 bytes)
1674831056.134032 sending message 105 to peer 0x562ac961a890 (12 bytes)
1674831056.134034 sending message 105 to peer 0x562ac961a890 (45 bytes)
1674831056.134036 sending message 105 to peer 0x562ac961a890 (53 bytes)
1674831056.134039 sending message 105 to peer 0x562ac961a890 (58 bytes)
1674831056.134041 sending message 105 to peer 0x562ac961a890 (1851 bytes)
1674831056.134055 sending message 105 to peer 0x562ac961a890 (16 bytes)
1674831056.134057 sending message 105 to peer 0x562ac961a890 (24 bytes)
1674831056.134059 sending message 105 to peer 0x562ac961a890 (33 bytes)
1674831056.134062 sending message 105 to peer 0x562ac961a890 (11 bytes)
1674831056.134064 sending message 105 to peer 0x562ac961a890 (36 bytes)
1674831056.134066 sending message 105 to peer 0x562ac961a890 (21 bytes)
1674831056.134068 sending message 105 to peer 0x562ac961a890 (23 bytes)
1674831056.134070 sending message 105 to peer 0x562ac961a890 (25 bytes)
1674831056.134073 sending message 105 to peer 0x562ac961a890 (59 bytes)
1674831056.134075 sending message 106 to peer 0x562ac961a890 (0 bytes)
1674831056.134077 sending message 200 to peer 0x562ac961a890 (4 bytes)
1674831056.134113 client loop enter
1674831056.168764 peer 0x562ac961a890 message 207
1674831056.168775 sending message 208 to peer 0x562ac961a890 (0 bytes)
1674831059.043412 peer 0x562ac961a890 message 203
1674831059.043462 sending message 205 to peer 0x562ac961a890 (0 bytes)
1674831059.043973 peer 0x562ac961a890 message 204
1674831059.043984 client loop exit
